-------------------------------------------------------------------------------
Test set: klaicm.backlayer.tennisscores.TennisScoresApplicationTests
-------------------------------------------------------------------------------
Tests run: 1, Failures: 0, Errors: 1, Skipped: 0, Time elapsed: 4.686 s <<< FAILURE! - in klaicm.backlayer.tennisscores.TennisScoresApplicationTests
contextLoads(klaicm.backlayer.tennisscores.TennisScoresApplicationTests)  Time elapsed: 0 s  <<< ERROR!
java.lang.IllegalStateException: Failed to load ApplicationContext
Caused by: org.springframework.beans.factory.UnsatisfiedDependencyException: Error creating bean with name 'matchController': Unsatisfied dependency expressed through field 'matchJpaService'; nested exception is org.springframework.beans.factory.UnsatisfiedDependencyException: Error creating bean with name 'matchJpaService' defined in file [D:\Workspaces\tennis-scores-service\target\classes\klaicm\backlayer\tennisscores\services\jpadata\MatchJpaService.class]: Unsatisfied dependency expressed through constructor parameter 1; nested exception is org.springframework.beans.factory.UnsatisfiedDependencyException: Error creating bean with name 'playerJpaService': Unsatisfied dependency expressed through field 'matchJpaService'; nested exception is org.springframework.beans.factory.BeanCurrentlyInCreationException: Error creating bean with name 'matchJpaService': Requested bean is currently in creation: Is there an unresolvable circular reference?
Caused by: org.springframework.beans.factory.UnsatisfiedDependencyException: Error creating bean with name 'matchJpaService' defined in file [D:\Workspaces\tennis-scores-service\target\classes\klaicm\backlayer\tennisscores\services\jpadata\MatchJpaService.class]: Unsatisfied dependency expressed through constructor parameter 1; nested exception is org.springframework.beans.factory.UnsatisfiedDependencyException: Error creating bean with name 'playerJpaService': Unsatisfied dependency expressed through field 'matchJpaService'; nested exception is org.springframework.beans.factory.BeanCurrentlyInCreationException: Error creating bean with name 'matchJpaService': Requested bean is currently in creation: Is there an unresolvable circular reference?
Caused by: org.springframework.beans.factory.UnsatisfiedDependencyException: Error creating bean with name 'playerJpaService': Unsatisfied dependency expressed through field 'matchJpaService'; nested exception is org.springframework.beans.factory.BeanCurrentlyInCreationException: Error creating bean with name 'matchJpaService': Requested bean is currently in creation: Is there an unresolvable circular reference?
Caused by: org.springframework.beans.factory.BeanCurrentlyInCreationException: Error creating bean with name 'matchJpaService': Requested bean is currently in creation: Is there an unresolvable circular reference?

